!!!
!!! WARNING: This command is deprecated.
!!! 
!!!     You should now run your application with the WSGI interface
!!!     installed with your project. Ex.:
!!! 
!!!         gunicorn myproject.wsgi:application
!!! 
!!!     See https://docs.djangoproject.com/en/1.4/howto/deployment/wsgi/gunicorn/
!!!     for more info.
!!!

2014-05-06 16:58:28 [3492] [INFO] Starting gunicorn 18.0
2014-05-06 16:58:28 [3492] [DEBUG] Arbiter booted
2014-05-06 16:58:28 [3492] [INFO] Listening at: http://127.0.0.1:8080 (3492)
2014-05-06 16:58:28 [3492] [INFO] Using worker: sync
2014-05-06 16:58:28 [3499] [INFO] Booting worker with pid: 3499
2014-05-06 16:58:28 [3500] [INFO] Booting worker with pid: 3500
2014-05-06 08:59:11 [3499] [DEBUG] GET /
2014-05-06 08:59:11 [3499] [DEBUG] GET /favicon.ico
2014-05-06 08:59:11 [3499] [DEBUG] GET /favicon.ico
2014-05-06 09:32:03 [3499] [DEBUG] GET /admin/
2014-05-06 09:32:03 [3499] [DEBUG] GET /static/admin/css/login.css
2014-05-06 09:32:03 [3500] [DEBUG] GET /static/admin/css/base.css
2014-05-06 09:32:10 [3499] [DEBUG] POST /admin/
2014-05-06 09:32:10 [3499] [DEBUG] GET /admin/
2014-05-06 09:32:10 [3500] [DEBUG] GET /static/admin/css/base.css
2014-05-06 09:32:10 [3499] [DEBUG] GET /static/admin/css/dashboard.css
!!!
!!! WARNING: This command is deprecated.
!!! 
!!!     You should now run your application with the WSGI interface
!!!     installed with your project. Ex.:
!!! 
!!!         gunicorn myproject.wsgi:application
!!! 
!!!     See https://docs.djangoproject.com/en/1.4/howto/deployment/wsgi/gunicorn/
!!!     for more info.
!!!

2014-05-07 15:43:13 [901] [INFO] Starting gunicorn 18.0
2014-05-07 15:43:13 [901] [DEBUG] Arbiter booted
2014-05-07 15:43:13 [901] [INFO] Listening at: http://127.0.0.1:8080 (901)
2014-05-07 15:43:13 [901] [INFO] Using worker: sync
2014-05-07 15:43:13 [1261] [INFO] Booting worker with pid: 1261
2014-05-07 15:43:13 [1267] [INFO] Booting worker with pid: 1267
2014-05-07 15:43:32 [901] [CRITICAL] WORKER TIMEOUT (pid:1267)
2014-05-07 15:43:32 [901] [CRITICAL] WORKER TIMEOUT (pid:1261)
2014-05-07 15:43:32 [901] [CRITICAL] WORKER TIMEOUT (pid:1267)
2014-05-07 15:43:32 [901] [CRITICAL] WORKER TIMEOUT (pid:1261)
2014-05-07 15:43:32 [2549] [INFO] Booting worker with pid: 2549
2014-05-07 15:43:32 [2557] [INFO] Booting worker with pid: 2557
2014-05-07 07:50:34 [2557] [INFO] Worker exiting (pid: 2557)
2014-05-07 15:50:34 [901] [INFO] Handling signal: term
2014-05-07 07:50:34 [2549] [INFO] Worker exiting (pid: 2549)
2014-05-07 15:50:34 [901] [INFO] Shutting down: Master
!!!
!!! WARNING: This command is deprecated.
!!! 
!!!     You should now run your application with the WSGI interface
!!!     installed with your project. Ex.:
!!! 
!!!         gunicorn myproject.wsgi:application
!!! 
!!!     See https://docs.djangoproject.com/en/1.4/howto/deployment/wsgi/gunicorn/
!!!     for more info.
!!!

2014-05-07 15:50:34 [3446] [INFO] Starting gunicorn 18.0
2014-05-07 15:50:34 [3446] [DEBUG] Arbiter booted
2014-05-07 15:50:34 [3446] [INFO] Listening at: http://127.0.0.1:8080 (3446)
2014-05-07 15:50:34 [3446] [INFO] Using worker: sync
2014-05-07 15:50:34 [3453] [INFO] Booting worker with pid: 3453
2014-05-07 15:50:34 [3454] [INFO] Booting worker with pid: 3454
2014-05-07 07:50:59 [3453] [DEBUG] GET /wikibim/
2014-05-07 07:50:59 [3453] [DEBUG] GET /favicon.ico
2014-05-07 07:51:03 [3454] [DEBUG] GET /
!!!
!!! WARNING: This command is deprecated.
!!! 
!!!     You should now run your application with the WSGI interface
!!!     installed with your project. Ex.:
!!! 
!!!         gunicorn myproject.wsgi:application
!!! 
!!!     See https://docs.djangoproject.com/en/1.4/howto/deployment/wsgi/gunicorn/
!!!     for more info.
!!!

2014-05-08 09:57:35 [863] [INFO] Starting gunicorn 18.0
2014-05-08 09:57:35 [863] [DEBUG] Arbiter booted
2014-05-08 09:57:35 [863] [INFO] Listening at: http://127.0.0.1:8080 (863)
2014-05-08 09:57:35 [863] [INFO] Using worker: sync
2014-05-08 09:57:35 [1211] [INFO] Booting worker with pid: 1211
2014-05-08 09:57:35 [1223] [INFO] Booting worker with pid: 1223
2014-05-08 06:26:05 [1211] [INFO] Worker exiting (pid: 1211)
2014-05-08 06:26:05 [1223] [INFO] Worker exiting (pid: 1223)
2014-05-08 14:26:05 [863] [INFO] Handling signal: term
2014-05-08 14:26:05 [863] [INFO] Shutting down: Master
!!!
!!! WARNING: This command is deprecated.
!!! 
!!!     You should now run your application with the WSGI interface
!!!     installed with your project. Ex.:
!!! 
!!!         gunicorn myproject.wsgi:application
!!! 
!!!     See https://docs.djangoproject.com/en/1.4/howto/deployment/wsgi/gunicorn/
!!!     for more info.
!!!

2014-05-08 14:26:51 [852] [INFO] Starting gunicorn 18.0
2014-05-08 14:26:51 [852] [DEBUG] Arbiter booted
2014-05-08 14:26:51 [852] [INFO] Listening at: http://127.0.0.1:8080 (852)
2014-05-08 14:26:51 [852] [INFO] Using worker: sync
2014-05-08 14:26:51 [976] [INFO] Booting worker with pid: 976
2014-05-08 14:26:51 [982] [INFO] Booting worker with pid: 982
2014-05-08 14:27:05 [852] [CRITICAL] WORKER TIMEOUT (pid:976)
2014-05-08 14:27:05 [852] [CRITICAL] WORKER TIMEOUT (pid:982)
2014-05-08 14:27:05 [852] [CRITICAL] WORKER TIMEOUT (pid:976)
2014-05-08 14:27:05 [852] [CRITICAL] WORKER TIMEOUT (pid:982)
2014-05-08 14:27:05 [2439] [INFO] Booting worker with pid: 2439
2014-05-08 14:27:05 [2440] [INFO] Booting worker with pid: 2440
